<?xml version="1.0" encoding="UTF-8"?>
<testsuite xmlns:xsi="http://www.w3.org/2001/XMLSchema-instance" xsi:noNamespaceSchemaLocation="https://maven.apache.org/surefire/maven-surefire-plugin/xsd/surefire-test-report-3.0.xsd" version="3.0" name="com.careerit.iplstat.dao.IplStatDaoTest" time="0.876" tests="2" errors="0" skipped="0" failures="0">
  <properties>
    <property name="sun.desktop" value="windows"/>
    <property name="awt.toolkit" value="sun.awt.windows.WToolkit"/>
    <property name="file.encoding.pkg" value="sun.io"/>
    <property name="java.specification.version" value="1.8"/>
    <property name="sun.cpu.isalist" value="amd64"/>
    <property name="sun.jnu.encoding" value="Cp1252"/>
    <property name="java.class.path" value="D:\java-feb-ws\iplstat-web-app\target\test-classes;D:\java-feb-ws\iplstat-web-app\target\classes;C:\Users\lwl\.m2\repository\javax\servlet\javax.servlet-api\3.1.0\javax.servlet-api-3.1.0.jar;C:\Users\lwl\.m2\repository\javax\servlet\jsp\javax.servlet.jsp-api\2.3.1\javax.servlet.jsp-api-2.3.1.jar;C:\Users\lwl\.m2\repository\org\postgresql\postgresql\42.2.6\postgresql-42.2.6.jar;C:\Users\lwl\.m2\repository\taglibs\standard\1.1.2\standard-1.1.2.jar;C:\Users\lwl\.m2\repository\jstl\jstl\1.2\jstl-1.2.jar;C:\Users\lwl\.m2\repository\org\projectlombok\lombok\1.18.22\lombok-1.18.22.jar;C:\Users\lwl\.m2\repository\org\junit\jupiter\junit-jupiter-engine\5.5.2\junit-jupiter-engine-5.5.2.jar;C:\Users\lwl\.m2\repository\org\apiguardian\apiguardian-api\1.1.0\apiguardian-api-1.1.0.jar;C:\Users\lwl\.m2\repository\org\junit\platform\junit-platform-engine\1.5.2\junit-platform-engine-1.5.2.jar;C:\Users\lwl\.m2\repository\org\opentest4j\opentest4j\1.2.0\opentest4j-1.2.0.jar;C:\Users\lwl\.m2\repository\org\junit\platform\junit-platform-commons\1.5.2\junit-platform-commons-1.5.2.jar;C:\Users\lwl\.m2\repository\org\junit\jupiter\junit-jupiter-api\5.5.2\junit-jupiter-api-5.5.2.jar;C:\Users\lwl\.m2\repository\org\assertj\assertj-core\3.22.0\assertj-core-3.22.0.jar;"/>
    <property name="java.vm.vendor" value="Oracle Corporation"/>
    <property name="sun.arch.data.model" value="64"/>
    <property name="user.variant" value=""/>
    <property name="java.vendor.url" value="http://java.oracle.com/"/>
    <property name="user.timezone" value="Asia/Calcutta"/>
    <property name="java.vm.specification.version" value="1.8"/>
    <property name="os.name" value="Windows 10"/>
    <property name="user.country" value="IN"/>
    <property name="sun.java.launcher" value="SUN_STANDARD"/>
    <property name="sun.boot.library.path" value="C:\jdk1.8.0_311\jre\bin"/>
    <property name="sun.java.command" value="C:\Users\lwl\AppData\Local\Temp\surefire5369854066773284340\surefirebooter1728859655308953391.jar C:\Users\lwl\AppData\Local\Temp\surefire5369854066773284340 2022-03-27T09-38-51_019-jvmRun1 surefire4404334669856438260tmp surefire_01831836963671686653tmp"/>
    <property name="surefire.test.class.path" value="D:\java-feb-ws\iplstat-web-app\target\test-classes;D:\java-feb-ws\iplstat-web-app\target\classes;C:\Users\lwl\.m2\repository\javax\servlet\javax.servlet-api\3.1.0\javax.servlet-api-3.1.0.jar;C:\Users\lwl\.m2\repository\javax\servlet\jsp\javax.servlet.jsp-api\2.3.1\javax.servlet.jsp-api-2.3.1.jar;C:\Users\lwl\.m2\repository\org\postgresql\postgresql\42.2.6\postgresql-42.2.6.jar;C:\Users\lwl\.m2\repository\taglibs\standard\1.1.2\standard-1.1.2.jar;C:\Users\lwl\.m2\repository\jstl\jstl\1.2\jstl-1.2.jar;C:\Users\lwl\.m2\repository\org\projectlombok\lombok\1.18.22\lombok-1.18.22.jar;C:\Users\lwl\.m2\repository\org\junit\jupiter\junit-jupiter-engine\5.5.2\junit-jupiter-engine-5.5.2.jar;C:\Users\lwl\.m2\repository\org\apiguardian\apiguardian-api\1.1.0\apiguardian-api-1.1.0.jar;C:\Users\lwl\.m2\repository\org\junit\platform\junit-platform-engine\1.5.2\junit-platform-engine-1.5.2.jar;C:\Users\lwl\.m2\repository\org\opentest4j\opentest4j\1.2.0\opentest4j-1.2.0.jar;C:\Users\lwl\.m2\repository\org\junit\platform\junit-platform-commons\1.5.2\junit-platform-commons-1.5.2.jar;C:\Users\lwl\.m2\repository\org\junit\jupiter\junit-jupiter-api\5.5.2\junit-jupiter-api-5.5.2.jar;C:\Users\lwl\.m2\repository\org\assertj\assertj-core\3.22.0\assertj-core-3.22.0.jar;"/>
    <property name="sun.cpu.endian" value="little"/>
    <property name="user.home" value="C:\Users\lwl"/>
    <property name="user.language" value="en"/>
    <property name="java.specification.vendor" value="Oracle Corporation"/>
    <property name="java.home" value="C:\jdk1.8.0_311\jre"/>
    <property name="basedir" value="D:\java-feb-ws\iplstat-web-app"/>
    <property name="file.separator" value="\"/>
    <property name="line.separator" value="&#10;"/>
    <property name="java.vm.specification.vendor" value="Oracle Corporation"/>
    <property name="java.specification.name" value="Java Platform API Specification"/>
    <property name="java.awt.graphicsenv" value="sun.awt.Win32GraphicsEnvironment"/>
    <property name="surefire.real.class.path" value="C:\Users\lwl\AppData\Local\Temp\surefire5369854066773284340\surefirebooter1728859655308953391.jar"/>
    <property name="sun.boot.class.path" value="C:\jdk1.8.0_311\jre\lib\resources.jar;C:\jdk1.8.0_311\jre\lib\rt.jar;C:\jdk1.8.0_311\jre\lib\sunrsasign.jar;C:\jdk1.8.0_311\jre\lib\jsse.jar;C:\jdk1.8.0_311\jre\lib\jce.jar;C:\jdk1.8.0_311\jre\lib\charsets.jar;C:\jdk1.8.0_311\jre\lib\jfr.jar;C:\jdk1.8.0_311\jre\classes"/>
    <property name="user.script" value=""/>
    <property name="sun.management.compiler" value="HotSpot 64-Bit Tiered Compilers"/>
    <property name="java.runtime.version" value="1.8.0_311-b11"/>
    <property name="user.name" value="lwl"/>
    <property name="path.separator" value=";"/>
    <property name="os.version" value="10.0"/>
    <property name="java.endorsed.dirs" value="C:\jdk1.8.0_311\jre\lib\endorsed"/>
    <property name="java.runtime.name" value="Java(TM) SE Runtime Environment"/>
    <property name="file.encoding" value="Cp1252"/>
    <property name="java.vm.name" value="Java HotSpot(TM) 64-Bit Server VM"/>
    <property name="localRepository" value="C:\Users\lwl\.m2\repository"/>
    <property name="java.vendor.url.bug" value="http://bugreport.sun.com/bugreport/"/>
    <property name="java.io.tmpdir" value="C:\Users\lwl\AppData\Local\Temp\"/>
    <property name="java.version" value="1.8.0_311"/>
    <property name="user.dir" value="D:\java-feb-ws\iplstat-web-app"/>
    <property name="os.arch" value="amd64"/>
    <property name="java.vm.specification.name" value="Java Virtual Machine Specification"/>
    <property name="java.awt.printerjob" value="sun.awt.windows.WPrinterJob"/>
    <property name="sun.os.patch.level" value=""/>
    <property name="java.library.path" value="C:\jdk1.8.0_311\jre\bin;C:\WINDOWS\Sun\Java\bin;C:\WINDOWS\system32;C:\WINDOWS;D:/Software/eclipse//plugins/org.eclipse.justj.openjdk.hotspot.jre.full.win32.x86_64_17.0.1.v20211116-1657/jre/bin/server;D:/Software/eclipse//plugins/org.eclipse.justj.openjdk.hotspot.jre.full.win32.x86_64_17.0.1.v20211116-1657/jre/bin;C:\Program Files\Common Files\Oracle\Java\javapath;C:\WINDOWS\system32;C:\WINDOWS;C:\WINDOWS\System32\Wbem;C:\WINDOWS\System32\WindowsPowerShell\v1.0\;C:\WINDOWS\System32\OpenSSH\;C:\Program Files\PuTTY\;C:\Program Files\nodejs\;C:\hadoop\sbin;C:\jdk1.8.0_311\bin;C:\hadoop\bin;C:\ProgramData\Anaconda3\Scripts;C:\Program Files\PostgreSQL\14\bin;C:\Users\lwl\AppData\Local\Microsoft\WindowsApps;C:\Program Files\MySQL\MySQL Server 8.0\bin;C:\Users\lwl\AppData\Local\Programs\Git\cmd;C:\Users\lwl\AppData\Roaming\npm;C:\Users\lwl\AppData\Local\Programs\Microsoft VS Code\bin;D:\Software\eclipse;;."/>
    <property name="java.vm.info" value="mixed mode"/>
    <property name="java.vendor" value="Oracle Corporation"/>
    <property name="java.vm.version" value="25.311-b11"/>
    <property name="java.ext.dirs" value="C:\jdk1.8.0_311\jre\lib\ext;C:\WINDOWS\Sun\Java\lib\ext"/>
    <property name="sun.io.unicode.encoding" value="UnicodeLittle"/>
    <property name="java.class.version" value="52.0"/>
  </properties>
  <testcase name="teamCount" classname="com.careerit.iplstat.dao.IplStatDaoTest" time="0.805"/>
  <testcase name="teamStatTest" classname="com.careerit.iplstat.dao.IplStatDaoTest" time="0.064"/>
</testsuite>